# Logfile created on 2012-04-26 09:34:16 +0200 by logger.rb/25413
REQUESTING PAGE: GET /users/sign_in with {} and HTTP headers {}
REQUESTING PAGE: GET /users/sign_in with {} and HTTP headers {}
REQUESTING PAGE: GET /users/sign_in with {} and HTTP headers {}
REQUESTING PAGE: GET /users/sign_in with {} and HTTP headers {}
REQUESTING PAGE: GET /users/sign_in with {} and HTTP headers {}
REQUESTING PAGE: GET /users/sign_in with {} and HTTP headers {}
REQUESTING PAGE: GET /users/sign_in with {} and HTTP headers {}
REQUESTING PAGE: GET /users/sign_in with {} and HTTP headers {}
REQUESTING PAGE: GET /users/sign_in with {} and HTTP headers {}
REQUESTING PAGE: GET /users/sign_in with {} and HTTP headers {}
REQUESTING PAGE: GET /users/sign_in with {} and HTTP headers {}
REQUESTING PAGE: GET /users/sign_in with {} and HTTP headers {}
REQUESTING PAGE: GET /users/sign_in with {} and HTTP headers {}
REQUESTING PAGE: GET /users/sign_in with {} and HTTP headers {}
REQUESTING PAGE: GET /users/sign_in with {} and HTTP headers {}
REQUESTING PAGE: GET /users/sign_in with {} and HTTP headers {}
REQUESTING PAGE: GET /users/sign_in with {} and HTTP headers {}
REQUESTING PAGE: GET /users/sign_in with {} and HTTP headers {}
REQUESTING PAGE: GET /users/sign_in with {} and HTTP headers {}
REQUESTING PAGE: GET /users/sign_in with {} and HTTP headers {}
REQUESTING PAGE: GET /users/sign_in with {} and HTTP headers {}
REQUESTING PAGE: GET /users/sign_in with {} and HTTP headers {}
REQUESTING PAGE: GET /users/sign_in with {} and HTTP headers {}
REQUESTING PAGE: GET /users/sign_in with {} and HTTP headers {}
REQUESTING PAGE: GET /users/sign_in with {} and HTTP headers {}
REQUESTING PAGE: GET /users/sign_in with {} and HTTP headers {}
REQUESTING PAGE: GET /users/sign_in with {} and HTTP headers {}
REQUESTING PAGE: GET /users/sign_in with {} and HTTP headers {}
REQUESTING PAGE: GET /users/sign_in with {} and HTTP headers {}
REQUESTING PAGE: GET /users/sign_in with {} and HTTP headers {}
REQUESTING PAGE: GET /users/sign_in with {} and HTTP headers {}
REQUESTING PAGE: GET /users/sign_in with {} and HTTP headers {}
REQUESTING PAGE: GET /users/sign_in with {} and HTTP headers {}
REQUESTING PAGE: GET /users/sign_in with {} and HTTP headers {}
REQUESTING PAGE: GET /users/sign_in with {} and HTTP headers {}
REQUESTING PAGE: GET /users/sign_in with {} and HTTP headers {}
REQUESTING PAGE: GET /users/sign_in with {} and HTTP headers {}
REQUESTING PAGE: GET /users/sign_in with {} and HTTP headers {}
REQUESTING PAGE: GET /users/sign_in with {} and HTTP headers {}
REQUESTING PAGE: GET /users/sign_in with {} and HTTP headers {}
REQUESTING PAGE: GET /users/sign_in with {} and HTTP headers {}
REQUESTING PAGE: GET /users/sign_in with {} and HTTP headers {}
REQUESTING PAGE: GET /users/sign_in with {} and HTTP headers {}
REQUESTING PAGE: GET /users/sign_in with {} and HTTP headers {}
REQUESTING PAGE: GET /users/sign_in with {} and HTTP headers {}
REQUESTING PAGE: GET /users/sign_in with {} and HTTP headers {}
REQUESTING PAGE: GET /users/sign_in with {} and HTTP headers {}
REQUESTING PAGE: GET /users/sign_in with {} and HTTP headers {}
REQUESTING PAGE: GET /users/sign_in with {} and HTTP headers {}
REQUESTING PAGE: GET /users/sign_in with {} and HTTP headers {}
REQUESTING PAGE: GET /users/sign_in with {} and HTTP headers {}
REQUESTING PAGE: GET /users/sign_in with {} and HTTP headers {}
REQUESTING PAGE: GET /users/sign_in with {} and HTTP headers {}
REQUESTING PAGE: GET /users/sign_in with {} and HTTP headers {}
REQUESTING PAGE: GET /users/sign_in with {} and HTTP headers {}
REQUESTING PAGE: GET /users/sign_in with {} and HTTP headers {}
REQUESTING PAGE: GET /users/sign_in with {} and HTTP headers {}
REQUESTING PAGE: GET /users/sign_in with {} and HTTP headers {}
REQUESTING PAGE: GET /users/sign_in with {} and HTTP headers {}
REQUESTING PAGE: GET /users/sign_in with {} and HTTP headers {}
REQUESTING PAGE: GET /users/sign_in with {} and HTTP headers {}
REQUESTING PAGE: GET /users/sign_in with {} and HTTP headers {}
REQUESTING PAGE: GET /users/sign_in with {} and HTTP headers {}
REQUESTING PAGE: GET /users/sign_in with {} and HTTP headers {}
REQUESTING PAGE: GET /users/sign_in with {} and HTTP headers {}
REQUESTING PAGE: GET /users/sign_in with {} and HTTP headers {}
REQUESTING PAGE: GET /users/sign_in with {} and HTTP headers {}
REQUESTING PAGE: GET /users/sign_in with {} and HTTP headers {}
REQUESTING PAGE: GET /users/sign_in with {} and HTTP headers {}
REQUESTING PAGE: GET /users/sign_in with {} and HTTP headers {}
REQUESTING PAGE: GET /users/sign_in with {} and HTTP headers {}
REQUESTING PAGE: GET /users/sign_in with {} and HTTP headers {}
REQUESTING PAGE: GET /users/sign_in with {} and HTTP headers {}
REQUESTING PAGE: GET /users/sign_in with {} and HTTP headers {}
REQUESTING PAGE: GET /users/sign_in with {} and HTTP headers {}
REQUESTING PAGE: GET /users/sign_in with {} and HTTP headers {}
REQUESTING PAGE: GET /users/sign_in with {} and HTTP headers {}
REQUESTING PAGE: GET /users/sign_in with {} and HTTP headers {}
REQUESTING PAGE: GET /users/sign_in with {} and HTTP headers {}
REQUESTING PAGE: GET /users/sign_in with {} and HTTP headers {}
REQUESTING PAGE: GET /users/sign_in with {} and HTTP headers {}
REQUESTING PAGE: GET /users/sign_in with {} and HTTP headers {}
REQUESTING PAGE: GET /users/sign_in with {} and HTTP headers {}
REQUESTING PAGE: GET /users/sign_in with {} and HTTP headers {}
REQUESTING PAGE: GET /users/sign_in with {} and HTTP headers {}
REQUESTING PAGE: GET /users/sign_in with {} and HTTP headers {}
REQUESTING PAGE: GET /users/sign_in with {} and HTTP headers {}
REQUESTING PAGE: POST /users/sign_in with {"utf8"=>"✓", "user"=>{"email"=>"email1@emuzikos.com", "password"=>"password", "remember_me"=>"0"}, "commit"=>"Log in"} and HTTP headers {"HTTP_REFERER"=>"/users/sign_in"}
REQUESTING PAGE: GET http://www.example.com/users/testuser1/edit with {} and HTTP headers {"HTTP_REFERER"=>"/users/sign_in"}
REQUESTING PAGE: GET /users/sign_in with {} and HTTP headers {}
REQUESTING PAGE: POST /users/sign_in with {"utf8"=>"✓", "user"=>{"email"=>"email2@emuzikos.com", "password"=>"password", "remember_me"=>"0"}, "commit"=>"Log in"} and HTTP headers {"HTTP_REFERER"=>"/users/sign_in"}
REQUESTING PAGE: GET http://www.example.com/users/testuser2/edit with {} and HTTP headers {"HTTP_REFERER"=>"/users/sign_in"}
REQUESTING PAGE: GET /users/sign_in with {} and HTTP headers {}
REQUESTING PAGE: POST /users/sign_in with {"utf8"=>"✓", "user"=>{"email"=>"email3@emuzikos.com", "password"=>"password", "remember_me"=>"0"}, "commit"=>"Log in"} and HTTP headers {"HTTP_REFERER"=>"/users/sign_in"}
REQUESTING PAGE: GET http://www.example.com/users/testuser3/edit with {} and HTTP headers {"HTTP_REFERER"=>"/users/sign_in"}
REQUESTING PAGE: GET /users/sign_in with {} and HTTP headers {}
REQUESTING PAGE: POST /users/sign_in with {"utf8"=>"✓", "user"=>{"email"=>"email4@emuzikos.com", "password"=>"password", "remember_me"=>"0"}, "commit"=>"Log in"} and HTTP headers {"HTTP_REFERER"=>"/users/sign_in"}
REQUESTING PAGE: GET http://www.example.com/users/testuser4/edit with {} and HTTP headers {"HTTP_REFERER"=>"/users/sign_in"}
REQUESTING PAGE: GET /users/sign_in with {} and HTTP headers {}
REQUESTING PAGE: POST /users/sign_in with {"utf8"=>"✓", "user"=>{"email"=>"email5@emuzikos.com", "password"=>"password", "remember_me"=>"0"}, "commit"=>"Log in"} and HTTP headers {"HTTP_REFERER"=>"/users/sign_in"}
REQUESTING PAGE: GET http://www.example.com/users/testuser5/edit with {} and HTTP headers {"HTTP_REFERER"=>"/users/sign_in"}
REQUESTING PAGE: GET /users/sign_in with {} and HTTP headers {}
REQUESTING PAGE: POST /users/sign_in with {"utf8"=>"✓", "user"=>{"email"=>"email6@emuzikos.com", "password"=>"password", "remember_me"=>"0"}, "commit"=>"Log in"} and HTTP headers {"HTTP_REFERER"=>"/users/sign_in"}
REQUESTING PAGE: GET http://www.example.com/users/testuser6/edit with {} and HTTP headers {"HTTP_REFERER"=>"/users/sign_in"}
REQUESTING PAGE: GET /users/sign_in with {} and HTTP headers {}
REQUESTING PAGE: POST /users/sign_in with {"utf8"=>"✓", "user"=>{"email"=>"email7@emuzikos.com", "password"=>"password", "remember_me"=>"0"}, "commit"=>"Log in"} and HTTP headers {"HTTP_REFERER"=>"/users/sign_in"}
REQUESTING PAGE: GET http://www.example.com/users/testuser7/edit with {} and HTTP headers {"HTTP_REFERER"=>"/users/sign_in"}
REQUESTING PAGE: GET /users/sign_in with {} and HTTP headers {}
REQUESTING PAGE: POST /users/sign_in with {"utf8"=>"✓", "user"=>{"email"=>"email1@emuzikos.com", "password"=>"password", "remember_me"=>"0"}, "commit"=>"Log in"} and HTTP headers {"HTTP_REFERER"=>"/users/sign_in"}
REQUESTING PAGE: GET http://www.example.com/users/testuser1/edit with {} and HTTP headers {"HTTP_REFERER"=>"/users/sign_in"}
REQUESTING PAGE: GET /users/sign_in with {} and HTTP headers {}
REQUESTING PAGE: POST /users/sign_in with {"utf8"=>"✓", "user"=>{"email"=>"email2@emuzikos.com", "password"=>"password", "remember_me"=>"0"}, "commit"=>"Log in"} and HTTP headers {"HTTP_REFERER"=>"/users/sign_in"}
REQUESTING PAGE: GET http://www.example.com/users/testuser2/edit with {} and HTTP headers {"HTTP_REFERER"=>"/users/sign_in"}
REQUESTING PAGE: GET /users/sign_in with {} and HTTP headers {}
REQUESTING PAGE: POST /users/sign_in with {"utf8"=>"✓", "user"=>{"email"=>"email3@emuzikos.com", "password"=>"password", "remember_me"=>"0"}, "commit"=>"Log in"} and HTTP headers {"HTTP_REFERER"=>"/users/sign_in"}
REQUESTING PAGE: GET http://www.example.com/users/testuser3/edit with {} and HTTP headers {"HTTP_REFERER"=>"/users/sign_in"}
REQUESTING PAGE: GET /users/sign_in with {} and HTTP headers {}
REQUESTING PAGE: POST /users/sign_in with {"utf8"=>"✓", "user"=>{"email"=>"email4@emuzikos.com", "password"=>"password", "remember_me"=>"0"}, "commit"=>"Log in"} and HTTP headers {"HTTP_REFERER"=>"/users/sign_in"}
REQUESTING PAGE: GET http://www.example.com/users/testuser4/edit with {} and HTTP headers {"HTTP_REFERER"=>"/users/sign_in"}
REQUESTING PAGE: GET /users/sign_in with {} and HTTP headers {}
REQUESTING PAGE: POST /users/sign_in with {"utf8"=>"✓", "user"=>{"email"=>"email5@emuzikos.com", "password"=>"password", "remember_me"=>"0"}, "commit"=>"Log in"} and HTTP headers {"HTTP_REFERER"=>"/users/sign_in"}
REQUESTING PAGE: GET http://www.example.com/users/testuser5/edit with {} and HTTP headers {"HTTP_REFERER"=>"/users/sign_in"}
REQUESTING PAGE: GET /users/sign_in with {} and HTTP headers {}
REQUESTING PAGE: POST /users/sign_in with {"utf8"=>"✓", "user"=>{"email"=>"email6@emuzikos.com", "password"=>"password", "remember_me"=>"0"}, "commit"=>"Log in"} and HTTP headers {"HTTP_REFERER"=>"/users/sign_in"}
REQUESTING PAGE: GET http://www.example.com/users/testuser6/edit with {} and HTTP headers {"HTTP_REFERER"=>"/users/sign_in"}
REQUESTING PAGE: GET /users/sign_in with {} and HTTP headers {}
REQUESTING PAGE: POST /users/sign_in with {"utf8"=>"✓", "user"=>{"email"=>"email7@emuzikos.com", "password"=>"password", "remember_me"=>"0"}, "commit"=>"Log in"} and HTTP headers {"HTTP_REFERER"=>"/users/sign_in"}
REQUESTING PAGE: GET http://www.example.com/users/testuser7/edit with {} and HTTP headers {"HTTP_REFERER"=>"/users/sign_in"}
REQUESTING PAGE: GET /users/sign_in with {} and HTTP headers {}
REQUESTING PAGE: GET /users/sign_in with {} and HTTP headers {}
REQUESTING PAGE: GET /users/sign_in with {} and HTTP headers {}
REQUESTING PAGE: GET /users/sign_in with {} and HTTP headers {}
REQUESTING PAGE: GET /users/sign_in with {} and HTTP headers {}
REQUESTING PAGE: GET /users/sign_in with {} and HTTP headers {}
REQUESTING PAGE: GET /users/sign_in with {} and HTTP headers {}
REQUESTING PAGE: GET /users/sign_in with {} and HTTP headers {}
REQUESTING PAGE: GET /users/sign_in with {} and HTTP headers {}
REQUESTING PAGE: GET /users/sign_in with {} and HTTP headers {}
REQUESTING PAGE: GET /users/sign_in with {} and HTTP headers {}
REQUESTING PAGE: GET /users/sign_in with {} and HTTP headers {}
REQUESTING PAGE: GET /users/sign_in with {} and HTTP headers {}
REQUESTING PAGE: GET /users/sign_in with {} and HTTP headers {}
REQUESTING PAGE: GET /users/sign_in with {} and HTTP headers {}
REQUESTING PAGE: GET /users/sign_in with {} and HTTP headers {}
REQUESTING PAGE: GET /users/sign_in with {} and HTTP headers {}
REQUESTING PAGE: POST /users/sign_in with {"utf8"=>"✓", "user"=>{"email"=>"email1@emuzikos.com", "password"=>"password", "remember_me"=>"0"}, "commit"=>"Log in"} and HTTP headers {"HTTP_REFERER"=>"/users/sign_in"}
REQUESTING PAGE: GET http://www.example.com/users/testuser1/edit with {} and HTTP headers {"HTTP_REFERER"=>"/users/sign_in"}
REQUESTING PAGE: GET /users/sign_in with {} and HTTP headers {}
REQUESTING PAGE: POST /users/sign_in with {"utf8"=>"✓", "user"=>{"email"=>"email2@emuzikos.com", "password"=>"password", "remember_me"=>"0"}, "commit"=>"Log in"} and HTTP headers {"HTTP_REFERER"=>"/users/sign_in"}
REQUESTING PAGE: GET http://www.example.com/users/testuser2/edit with {} and HTTP headers {"HTTP_REFERER"=>"/users/sign_in"}
REQUESTING PAGE: GET /users/sign_in with {} and HTTP headers {}
REQUESTING PAGE: POST /users/sign_in with {"utf8"=>"✓", "user"=>{"email"=>"email3@emuzikos.com", "password"=>"password", "remember_me"=>"0"}, "commit"=>"Log in"} and HTTP headers {"HTTP_REFERER"=>"/users/sign_in"}
REQUESTING PAGE: GET http://www.example.com/users/testuser3/edit with {} and HTTP headers {"HTTP_REFERER"=>"/users/sign_in"}
REQUESTING PAGE: GET /users/sign_in with {} and HTTP headers {}
REQUESTING PAGE: POST /users/sign_in with {"utf8"=>"✓", "user"=>{"email"=>"email4@emuzikos.com", "password"=>"password", "remember_me"=>"0"}, "commit"=>"Log in"} and HTTP headers {"HTTP_REFERER"=>"/users/sign_in"}
REQUESTING PAGE: GET http://www.example.com/users/testuser4/edit with {} and HTTP headers {"HTTP_REFERER"=>"/users/sign_in"}
REQUESTING PAGE: GET /users/sign_in with {} and HTTP headers {}
REQUESTING PAGE: POST /users/sign_in with {"utf8"=>"✓", "user"=>{"email"=>"email5@emuzikos.com", "password"=>"password", "remember_me"=>"0"}, "commit"=>"Log in"} and HTTP headers {"HTTP_REFERER"=>"/users/sign_in"}
REQUESTING PAGE: GET http://www.example.com/users/testuser5/edit with {} and HTTP headers {"HTTP_REFERER"=>"/users/sign_in"}
REQUESTING PAGE: GET /users/sign_in with {} and HTTP headers {}
REQUESTING PAGE: POST /users/sign_in with {"utf8"=>"✓", "user"=>{"email"=>"email6@emuzikos.com", "password"=>"password", "remember_me"=>"0"}, "commit"=>"Log in"} and HTTP headers {"HTTP_REFERER"=>"/users/sign_in"}
REQUESTING PAGE: GET http://www.example.com/users/testuser6/edit with {} and HTTP headers {"HTTP_REFERER"=>"/users/sign_in"}
REQUESTING PAGE: GET /users/sign_in with {} and HTTP headers {}
REQUESTING PAGE: POST /users/sign_in with {"utf8"=>"✓", "user"=>{"email"=>"email7@emuzikos.com", "password"=>"password", "remember_me"=>"0"}, "commit"=>"Log in"} and HTTP headers {"HTTP_REFERER"=>"/users/sign_in"}
REQUESTING PAGE: GET http://www.example.com/users/testuser7/edit with {} and HTTP headers {"HTTP_REFERER"=>"/users/sign_in"}
REQUESTING PAGE: GET /users/sign_in with {} and HTTP headers {}
REQUESTING PAGE: POST /users/sign_in with {"utf8"=>"✓", "user"=>{"email"=>"email1@emuzikos.com", "password"=>"password", "remember_me"=>"0"}, "commit"=>"Log in"} and HTTP headers {"HTTP_REFERER"=>"/users/sign_in"}
REQUESTING PAGE: GET http://www.example.com/users/testuser1/edit with {} and HTTP headers {"HTTP_REFERER"=>"/users/sign_in"}
REQUESTING PAGE: GET /users/sign_in with {} and HTTP headers {}
REQUESTING PAGE: POST /users/sign_in with {"utf8"=>"✓", "user"=>{"email"=>"email2@emuzikos.com", "password"=>"password", "remember_me"=>"0"}, "commit"=>"Log in"} and HTTP headers {"HTTP_REFERER"=>"/users/sign_in"}
REQUESTING PAGE: GET http://www.example.com/users/testuser2/edit with {} and HTTP headers {"HTTP_REFERER"=>"/users/sign_in"}
REQUESTING PAGE: GET /users/sign_in with {} and HTTP headers {}
REQUESTING PAGE: POST /users/sign_in with {"utf8"=>"✓", "user"=>{"email"=>"email3@emuzikos.com", "password"=>"password", "remember_me"=>"0"}, "commit"=>"Log in"} and HTTP headers {"HTTP_REFERER"=>"/users/sign_in"}
REQUESTING PAGE: GET http://www.example.com/users/testuser3/edit with {} and HTTP headers {"HTTP_REFERER"=>"/users/sign_in"}
REQUESTING PAGE: GET /users/sign_in with {} and HTTP headers {}
REQUESTING PAGE: POST /users/sign_in with {"utf8"=>"✓", "user"=>{"email"=>"email4@emuzikos.com", "password"=>"password", "remember_me"=>"0"}, "commit"=>"Log in"} and HTTP headers {"HTTP_REFERER"=>"/users/sign_in"}
REQUESTING PAGE: GET http://www.example.com/users/testuser4/edit with {} and HTTP headers {"HTTP_REFERER"=>"/users/sign_in"}
REQUESTING PAGE: GET /users/sign_in with {} and HTTP headers {}
REQUESTING PAGE: POST /users/sign_in with {"utf8"=>"✓", "user"=>{"email"=>"email5@emuzikos.com", "password"=>"password", "remember_me"=>"0"}, "commit"=>"Log in"} and HTTP headers {"HTTP_REFERER"=>"/users/sign_in"}
REQUESTING PAGE: GET http://www.example.com/users/testuser5/edit with {} and HTTP headers {"HTTP_REFERER"=>"/users/sign_in"}
REQUESTING PAGE: GET /users/sign_in with {} and HTTP headers {}
REQUESTING PAGE: POST /users/sign_in with {"utf8"=>"✓", "user"=>{"email"=>"email6@emuzikos.com", "password"=>"password", "remember_me"=>"0"}, "commit"=>"Log in"} and HTTP headers {"HTTP_REFERER"=>"/users/sign_in"}
REQUESTING PAGE: GET http://www.example.com/users/testuser6/edit with {} and HTTP headers {"HTTP_REFERER"=>"/users/sign_in"}
REQUESTING PAGE: GET /users/sign_in with {} and HTTP headers {}
REQUESTING PAGE: POST /users/sign_in with {"utf8"=>"✓", "user"=>{"email"=>"email7@emuzikos.com", "password"=>"password", "remember_me"=>"0"}, "commit"=>"Log in"} and HTTP headers {"HTTP_REFERER"=>"/users/sign_in"}
REQUESTING PAGE: GET http://www.example.com/users/testuser7/edit with {} and HTTP headers {"HTTP_REFERER"=>"/users/sign_in"}
REQUESTING PAGE: GET /users/sign_in with {} and HTTP headers {}
REQUESTING PAGE: POST /users/sign_in with {"utf8"=>"✓", "user"=>{"email"=>"email1@emuzikos.com", "password"=>"password", "remember_me"=>"0"}, "commit"=>"Log in"} and HTTP headers {"HTTP_REFERER"=>"/users/sign_in"}
REQUESTING PAGE: GET http://www.example.com/users/testuser1/edit with {} and HTTP headers {"HTTP_REFERER"=>"/users/sign_in"}
REQUESTING PAGE: GET /users/sign_in with {} and HTTP headers {}
REQUESTING PAGE: POST /users/sign_in with {"utf8"=>"✓", "user"=>{"email"=>"email1@emuzikos.com", "password"=>"password", "remember_me"=>"0"}, "commit"=>"Log in"} and HTTP headers {"HTTP_REFERER"=>"/users/sign_in"}
REQUESTING PAGE: GET http://www.example.com/users/testuser1/edit with {} and HTTP headers {"HTTP_REFERER"=>"/users/sign_in"}
REQUESTING PAGE: GET /users/sign_in with {} and HTTP headers {}
REQUESTING PAGE: POST /users/sign_in with {"utf8"=>"✓", "user"=>{"email"=>"email2@emuzikos.com", "password"=>"password", "remember_me"=>"0"}, "commit"=>"Log in"} and HTTP headers {"HTTP_REFERER"=>"/users/sign_in"}
REQUESTING PAGE: GET http://www.example.com/users/testuser2/edit with {} and HTTP headers {"HTTP_REFERER"=>"/users/sign_in"}
REQUESTING PAGE: GET /users/sign_in with {} and HTTP headers {}
REQUESTING PAGE: POST /users/sign_in with {"utf8"=>"✓", "user"=>{"email"=>"email3@emuzikos.com", "password"=>"password", "remember_me"=>"0"}, "commit"=>"Log in"} and HTTP headers {"HTTP_REFERER"=>"/users/sign_in"}
REQUESTING PAGE: GET http://www.example.com/users/testuser3/edit with {} and HTTP headers {"HTTP_REFERER"=>"/users/sign_in"}
REQUESTING PAGE: GET /users/sign_in with {} and HTTP headers {}
REQUESTING PAGE: POST /users/sign_in with {"utf8"=>"✓", "user"=>{"email"=>"email4@emuzikos.com", "password"=>"password", "remember_me"=>"0"}, "commit"=>"Log in"} and HTTP headers {"HTTP_REFERER"=>"/users/sign_in"}
REQUESTING PAGE: GET http://www.example.com/users/testuser4/edit with {} and HTTP headers {"HTTP_REFERER"=>"/users/sign_in"}
REQUESTING PAGE: GET /users/sign_in with {} and HTTP headers {}
REQUESTING PAGE: POST /users/sign_in with {"utf8"=>"✓", "user"=>{"email"=>"email5@emuzikos.com", "password"=>"password", "remember_me"=>"0"}, "commit"=>"Log in"} and HTTP headers {"HTTP_REFERER"=>"/users/sign_in"}
REQUESTING PAGE: GET http://www.example.com/users/testuser5/edit with {} and HTTP headers {"HTTP_REFERER"=>"/users/sign_in"}
REQUESTING PAGE: GET /users/sign_in with {} and HTTP headers {}
REQUESTING PAGE: POST /users/sign_in with {"utf8"=>"✓", "user"=>{"email"=>"email6@emuzikos.com", "password"=>"password", "remember_me"=>"0"}, "commit"=>"Log in"} and HTTP headers {"HTTP_REFERER"=>"/users/sign_in"}
REQUESTING PAGE: GET http://www.example.com/users/testuser6/edit with {} and HTTP headers {"HTTP_REFERER"=>"/users/sign_in"}
REQUESTING PAGE: GET /users/sign_in with {} and HTTP headers {}
REQUESTING PAGE: POST /users/sign_in with {"utf8"=>"✓", "user"=>{"email"=>"email7@emuzikos.com", "password"=>"password", "remember_me"=>"0"}, "commit"=>"Log in"} and HTTP headers {"HTTP_REFERER"=>"/users/sign_in"}
REQUESTING PAGE: GET http://www.example.com/users/testuser7/edit with {} and HTTP headers {"HTTP_REFERER"=>"/users/sign_in"}
REQUESTING PAGE: GET /users/sign_in with {} and HTTP headers {}
REQUESTING PAGE: POST /users/sign_in with {"utf8"=>"✓", "user"=>{"email"=>"email1@emuzikos.com", "password"=>"password", "remember_me"=>"0"}, "commit"=>"Log in"} and HTTP headers {"HTTP_REFERER"=>"/users/sign_in"}
REQUESTING PAGE: GET http://www.example.com/users/testuser1/edit with {} and HTTP headers {"HTTP_REFERER"=>"/users/sign_in"}
REQUESTING PAGE: GET /users/sign_in with {} and HTTP headers {}
REQUESTING PAGE: POST /users/sign_in with {"utf8"=>"✓", "user"=>{"email"=>"email2@emuzikos.com", "password"=>"password", "remember_me"=>"0"}, "commit"=>"Log in"} and HTTP headers {"HTTP_REFERER"=>"/users/sign_in"}
REQUESTING PAGE: GET http://www.example.com/users/testuser2/edit with {} and HTTP headers {"HTTP_REFERER"=>"/users/sign_in"}
REQUESTING PAGE: GET /users/sign_in with {} and HTTP headers {}
REQUESTING PAGE: POST /users/sign_in with {"utf8"=>"✓", "user"=>{"email"=>"email3@emuzikos.com", "password"=>"password", "remember_me"=>"0"}, "commit"=>"Log in"} and HTTP headers {"HTTP_REFERER"=>"/users/sign_in"}
REQUESTING PAGE: GET http://www.example.com/users/testuser3/edit with {} and HTTP headers {"HTTP_REFERER"=>"/users/sign_in"}
REQUESTING PAGE: GET /users/sign_in with {} and HTTP headers {}
REQUESTING PAGE: POST /users/sign_in with {"utf8"=>"✓", "user"=>{"email"=>"email4@emuzikos.com", "password"=>"password", "remember_me"=>"0"}, "commit"=>"Log in"} and HTTP headers {"HTTP_REFERER"=>"/users/sign_in"}
REQUESTING PAGE: GET http://www.example.com/users/testuser4/edit with {} and HTTP headers {"HTTP_REFERER"=>"/users/sign_in"}
REQUESTING PAGE: GET /users/sign_in with {} and HTTP headers {}
REQUESTING PAGE: POST /users/sign_in with {"utf8"=>"✓", "user"=>{"email"=>"email5@emuzikos.com", "password"=>"password", "remember_me"=>"0"}, "commit"=>"Log in"} and HTTP headers {"HTTP_REFERER"=>"/users/sign_in"}
REQUESTING PAGE: GET http://www.example.com/users/testuser5/edit with {} and HTTP headers {"HTTP_REFERER"=>"/users/sign_in"}
REQUESTING PAGE: GET /users/sign_in with {} and HTTP headers {}
REQUESTING PAGE: POST /users/sign_in with {"utf8"=>"✓", "user"=>{"email"=>"email6@emuzikos.com", "password"=>"password", "remember_me"=>"0"}, "commit"=>"Log in"} and HTTP headers {"HTTP_REFERER"=>"/users/sign_in"}
REQUESTING PAGE: GET http://www.example.com/users/testuser6/edit with {} and HTTP headers {"HTTP_REFERER"=>"/users/sign_in"}
REQUESTING PAGE: GET /users/sign_in with {} and HTTP headers {}
REQUESTING PAGE: POST /users/sign_in with {"utf8"=>"✓", "user"=>{"email"=>"email7@emuzikos.com", "password"=>"password", "remember_me"=>"0"}, "commit"=>"Log in"} and HTTP headers {"HTTP_REFERER"=>"/users/sign_in"}
REQUESTING PAGE: GET http://www.example.com/users/testuser7/edit with {} and HTTP headers {"HTTP_REFERER"=>"/users/sign_in"}
REQUESTING PAGE: GET /users/sign_in with {} and HTTP headers {}
REQUESTING PAGE: POST /users/sign_in with {"utf8"=>"✓", "user"=>{"email"=>"email1@emuzikos.com", "password"=>"password", "remember_me"=>"0"}, "commit"=>"Log in"} and HTTP headers {"HTTP_REFERER"=>"/users/sign_in"}
REQUESTING PAGE: GET http://www.example.com/users/testuser1/edit with {} and HTTP headers {"HTTP_REFERER"=>"/users/sign_in"}
REQUESTING PAGE: GET /users/sign_in with {} and HTTP headers {}
REQUESTING PAGE: POST /users/sign_in with {"utf8"=>"✓", "user"=>{"email"=>"email2@emuzikos.com", "password"=>"password", "remember_me"=>"0"}, "commit"=>"Log in"} and HTTP headers {"HTTP_REFERER"=>"/users/sign_in"}
REQUESTING PAGE: GET http://www.example.com/users/testuser2/edit with {} and HTTP headers {"HTTP_REFERER"=>"/users/sign_in"}
REQUESTING PAGE: GET /users/sign_in with {} and HTTP headers {}
REQUESTING PAGE: POST /users/sign_in with {"utf8"=>"✓", "user"=>{"email"=>"email3@emuzikos.com", "password"=>"password", "remember_me"=>"0"}, "commit"=>"Log in"} and HTTP headers {"HTTP_REFERER"=>"/users/sign_in"}
REQUESTING PAGE: GET http://www.example.com/users/testuser3/edit with {} and HTTP headers {"HTTP_REFERER"=>"/users/sign_in"}
REQUESTING PAGE: GET /users/sign_in with {} and HTTP headers {}
REQUESTING PAGE: POST /users/sign_in with {"utf8"=>"✓", "user"=>{"email"=>"email4@emuzikos.com", "password"=>"password", "remember_me"=>"0"}, "commit"=>"Log in"} and HTTP headers {"HTTP_REFERER"=>"/users/sign_in"}
REQUESTING PAGE: GET http://www.example.com/users/testuser4/edit with {} and HTTP headers {"HTTP_REFERER"=>"/users/sign_in"}
REQUESTING PAGE: GET /users/sign_in with {} and HTTP headers {}
REQUESTING PAGE: POST /users/sign_in with {"utf8"=>"✓", "user"=>{"email"=>"email5@emuzikos.com", "password"=>"password", "remember_me"=>"0"}, "commit"=>"Log in"} and HTTP headers {"HTTP_REFERER"=>"/users/sign_in"}
REQUESTING PAGE: GET http://www.example.com/users/testuser5/edit with {} and HTTP headers {"HTTP_REFERER"=>"/users/sign_in"}
REQUESTING PAGE: GET /users/sign_in with {} and HTTP headers {}
REQUESTING PAGE: POST /users/sign_in with {"utf8"=>"✓", "user"=>{"email"=>"email6@emuzikos.com", "password"=>"password", "remember_me"=>"0"}, "commit"=>"Log in"} and HTTP headers {"HTTP_REFERER"=>"/users/sign_in"}
REQUESTING PAGE: GET http://www.example.com/users/testuser6/edit with {} and HTTP headers {"HTTP_REFERER"=>"/users/sign_in"}
REQUESTING PAGE: GET /users/sign_in with {} and HTTP headers {}
REQUESTING PAGE: POST /users/sign_in with {"utf8"=>"✓", "user"=>{"email"=>"email7@emuzikos.com", "password"=>"password", "remember_me"=>"0"}, "commit"=>"Log in"} and HTTP headers {"HTTP_REFERER"=>"/users/sign_in"}
REQUESTING PAGE: GET http://www.example.com/users/testuser7/edit with {} and HTTP headers {"HTTP_REFERER"=>"/users/sign_in"}
REQUESTING PAGE: GET /users/sign_in with {} and HTTP headers {}
REQUESTING PAGE: POST /users/sign_in with {"utf8"=>"✓", "user"=>{"email"=>"email1@emuzikos.com", "password"=>"password", "remember_me"=>"0"}, "commit"=>"Log in"} and HTTP headers {"HTTP_REFERER"=>"/users/sign_in"}
REQUESTING PAGE: GET http://www.example.com/users/testuser1/edit with {} and HTTP headers {"HTTP_REFERER"=>"/users/sign_in"}
REQUESTING PAGE: GET /users/sign_in with {} and HTTP headers {}
REQUESTING PAGE: POST /users/sign_in with {"utf8"=>"✓", "user"=>{"email"=>"email2@emuzikos.com", "password"=>"password", "remember_me"=>"0"}, "commit"=>"Log in"} and HTTP headers {"HTTP_REFERER"=>"/users/sign_in"}
REQUESTING PAGE: GET http://www.example.com/users/testuser2/edit with {} and HTTP headers {"HTTP_REFERER"=>"/users/sign_in"}
REQUESTING PAGE: GET /users/sign_in with {} and HTTP headers {}
REQUESTING PAGE: POST /users/sign_in with {"utf8"=>"✓", "user"=>{"email"=>"email3@emuzikos.com", "password"=>"password", "remember_me"=>"0"}, "commit"=>"Log in"} and HTTP headers {"HTTP_REFERER"=>"/users/sign_in"}
REQUESTING PAGE: GET http://www.example.com/users/testuser3/edit with {} and HTTP headers {"HTTP_REFERER"=>"/users/sign_in"}
REQUESTING PAGE: GET /users/sign_in with {} and HTTP headers {}
REQUESTING PAGE: POST /users/sign_in with {"utf8"=>"✓", "user"=>{"email"=>"email4@emuzikos.com", "password"=>"password", "remember_me"=>"0"}, "commit"=>"Log in"} and HTTP headers {"HTTP_REFERER"=>"/users/sign_in"}
REQUESTING PAGE: GET http://www.example.com/users/testuser4/edit with {} and HTTP headers {"HTTP_REFERER"=>"/users/sign_in"}
REQUESTING PAGE: GET /users/sign_in with {} and HTTP headers {}
REQUESTING PAGE: POST /users/sign_in with {"utf8"=>"✓", "user"=>{"email"=>"email5@emuzikos.com", "password"=>"password", "remember_me"=>"0"}, "commit"=>"Log in"} and HTTP headers {"HTTP_REFERER"=>"/users/sign_in"}
REQUESTING PAGE: GET http://www.example.com/users/testuser5/edit with {} and HTTP headers {"HTTP_REFERER"=>"/users/sign_in"}
REQUESTING PAGE: GET /users/sign_in with {} and HTTP headers {}
REQUESTING PAGE: POST /users/sign_in with {"utf8"=>"✓", "user"=>{"email"=>"email6@emuzikos.com", "password"=>"password", "remember_me"=>"0"}, "commit"=>"Log in"} and HTTP headers {"HTTP_REFERER"=>"/users/sign_in"}
REQUESTING PAGE: GET http://www.example.com/users/testuser6/edit with {} and HTTP headers {"HTTP_REFERER"=>"/users/sign_in"}
REQUESTING PAGE: GET /users/sign_in with {} and HTTP headers {}
REQUESTING PAGE: POST /users/sign_in with {"utf8"=>"✓", "user"=>{"email"=>"email7@emuzikos.com", "password"=>"password", "remember_me"=>"0"}, "commit"=>"Log in"} and HTTP headers {"HTTP_REFERER"=>"/users/sign_in"}
REQUESTING PAGE: GET http://www.example.com/users/testuser7/edit with {} and HTTP headers {"HTTP_REFERER"=>"/users/sign_in"}
REQUESTING PAGE: GET /users/sign_in with {} and HTTP headers {}
REQUESTING PAGE: POST /users/sign_in with {"utf8"=>"✓", "user"=>{"email"=>"email1@emuzikos.com", "password"=>"password", "remember_me"=>"0"}, "commit"=>"Log in"} and HTTP headers {"HTTP_REFERER"=>"/users/sign_in"}
REQUESTING PAGE: GET http://www.example.com/users/testuser1/edit with {} and HTTP headers {"HTTP_REFERER"=>"/users/sign_in"}
REQUESTING PAGE: GET /users/sign_in with {} and HTTP headers {}
REQUESTING PAGE: POST /users/sign_in with {"utf8"=>"✓", "user"=>{"email"=>"email2@emuzikos.com", "password"=>"password", "remember_me"=>"0"}, "commit"=>"Log in"} and HTTP headers {"HTTP_REFERER"=>"/users/sign_in"}
REQUESTING PAGE: GET http://www.example.com/users/testuser2/edit with {} and HTTP headers {"HTTP_REFERER"=>"/users/sign_in"}
REQUESTING PAGE: GET /users/sign_in with {} and HTTP headers {}
REQUESTING PAGE: POST /users/sign_in with {"utf8"=>"✓", "user"=>{"email"=>"email1@emuzikos.com", "password"=>"password", "remember_me"=>"0"}, "commit"=>"Log in"} and HTTP headers {"HTTP_REFERER"=>"/users/sign_in"}
REQUESTING PAGE: GET http://www.example.com/users/testuser1/edit with {} and HTTP headers {"HTTP_REFERER"=>"/users/sign_in"}
REQUESTING PAGE: GET /users/sign_in with {} and HTTP headers {}
REQUESTING PAGE: POST /users/sign_in with {"utf8"=>"✓", "user"=>{"email"=>"email2@emuzikos.com", "password"=>"password", "remember_me"=>"0"}, "commit"=>"Log in"} and HTTP headers {"HTTP_REFERER"=>"/users/sign_in"}
REQUESTING PAGE: GET http://www.example.com/users/testuser2/edit with {} and HTTP headers {"HTTP_REFERER"=>"/users/sign_in"}
REQUESTING PAGE: GET /users/sign_in with {} and HTTP headers {}
REQUESTING PAGE: POST /users/sign_in with {"utf8"=>"✓", "user"=>{"email"=>"email3@emuzikos.com", "password"=>"password", "remember_me"=>"0"}, "commit"=>"Log in"} and HTTP headers {"HTTP_REFERER"=>"/users/sign_in"}
REQUESTING PAGE: GET http://www.example.com/users/testuser3/edit with {} and HTTP headers {"HTTP_REFERER"=>"/users/sign_in"}
REQUESTING PAGE: GET /users/sign_in with {} and HTTP headers {}
REQUESTING PAGE: POST /users/sign_in with {"utf8"=>"✓", "user"=>{"email"=>"email1@emuzikos.com", "password"=>"password", "remember_me"=>"0"}, "commit"=>"Log in"} and HTTP headers {"HTTP_REFERER"=>"/users/sign_in"}
REQUESTING PAGE: GET http://www.example.com/users/testuser1/edit with {} and HTTP headers {"HTTP_REFERER"=>"/users/sign_in"}
REQUESTING PAGE: GET /users/sign_in with {} and HTTP headers {}
REQUESTING PAGE: POST /users/sign_in with {"utf8"=>"✓", "user"=>{"email"=>"email2@emuzikos.com", "password"=>"password", "remember_me"=>"0"}, "commit"=>"Log in"} and HTTP headers {"HTTP_REFERER"=>"/users/sign_in"}
REQUESTING PAGE: GET http://www.example.com/users/testuser2/edit with {} and HTTP headers {"HTTP_REFERER"=>"/users/sign_in"}
REQUESTING PAGE: GET /users/sign_in with {} and HTTP headers {}
REQUESTING PAGE: POST /users/sign_in with {"utf8"=>"✓", "user"=>{"email"=>"email1@emuzikos.com", "password"=>"password", "remember_me"=>"0"}, "commit"=>"Log in"} and HTTP headers {"HTTP_REFERER"=>"/users/sign_in"}
REQUESTING PAGE: GET http://www.example.com/users/testuser1/edit with {} and HTTP headers {"HTTP_REFERER"=>"/users/sign_in"}
REQUESTING PAGE: GET /users/sign_in with {} and HTTP headers {}
REQUESTING PAGE: POST /users/sign_in with {"utf8"=>"✓", "user"=>{"email"=>"email2@emuzikos.com", "password"=>"password", "remember_me"=>"0"}, "commit"=>"Log in"} and HTTP headers {"HTTP_REFERER"=>"/users/sign_in"}
REQUESTING PAGE: GET http://www.example.com/users/testuser2/edit with {} and HTTP headers {"HTTP_REFERER"=>"/users/sign_in"}
REQUESTING PAGE: GET /users/sign_in with {} and HTTP headers {}
REQUESTING PAGE: POST /users/sign_in with {"utf8"=>"✓", "user"=>{"email"=>"email1@emuzikos.com", "password"=>"password", "remember_me"=>"0"}, "commit"=>"Log in"} and HTTP headers {"HTTP_REFERER"=>"/users/sign_in"}
REQUESTING PAGE: GET http://www.example.com/users/testuser1/edit with {} and HTTP headers {"HTTP_REFERER"=>"/users/sign_in"}
REQUESTING PAGE: GET /users/sign_in with {} and HTTP headers {}
REQUESTING PAGE: POST /users/sign_in with {"utf8"=>"✓", "user"=>{"email"=>"email2@emuzikos.com", "password"=>"password", "remember_me"=>"0"}, "commit"=>"Log in"} and HTTP headers {"HTTP_REFERER"=>"/users/sign_in"}
REQUESTING PAGE: GET http://www.example.com/users/testuser2/edit with {} and HTTP headers {"HTTP_REFERER"=>"/users/sign_in"}
REQUESTING PAGE: GET /users/sign_in with {} and HTTP headers {}
REQUESTING PAGE: POST /users/sign_in with {"utf8"=>"✓", "user"=>{"email"=>"email1@emuzikos.com", "password"=>"password", "remember_me"=>"0"}, "commit"=>"Log in"} and HTTP headers {"HTTP_REFERER"=>"/users/sign_in"}
REQUESTING PAGE: GET http://www.example.com/users/testuser1/edit with {} and HTTP headers {"HTTP_REFERER"=>"/users/sign_in"}
REQUESTING PAGE: GET /users/sign_in with {} and HTTP headers {}
REQUESTING PAGE: POST /users/sign_in with {"utf8"=>"✓", "user"=>{"email"=>"email2@emuzikos.com", "password"=>"password", "remember_me"=>"0"}, "commit"=>"Log in"} and HTTP headers {"HTTP_REFERER"=>"/users/sign_in"}
REQUESTING PAGE: GET http://www.example.com/users/testuser2/edit with {} and HTTP headers {"HTTP_REFERER"=>"/users/sign_in"}
REQUESTING PAGE: GET /users/sign_in with {} and HTTP headers {}
REQUESTING PAGE: POST /users/sign_in with {"utf8"=>"✓", "user"=>{"email"=>"email3@emuzikos.com", "password"=>"password", "remember_me"=>"0"}, "commit"=>"Log in"} and HTTP headers {"HTTP_REFERER"=>"/users/sign_in"}
REQUESTING PAGE: GET http://www.example.com/users/testuser3/edit with {} and HTTP headers {"HTTP_REFERER"=>"/users/sign_in"}
REQUESTING PAGE: GET /users/sign_in with {} and HTTP headers {}
REQUESTING PAGE: POST /users/sign_in with {"utf8"=>"✓", "user"=>{"email"=>"email4@emuzikos.com", "password"=>"password", "remember_me"=>"0"}, "commit"=>"Log in"} and HTTP headers {"HTTP_REFERER"=>"/users/sign_in"}
REQUESTING PAGE: GET http://www.example.com/users/testuser4/edit with {} and HTTP headers {"HTTP_REFERER"=>"/users/sign_in"}
REQUESTING PAGE: GET /users/sign_in with {} and HTTP headers {}
REQUESTING PAGE: POST /users/sign_in with {"utf8"=>"✓", "user"=>{"email"=>"email5@emuzikos.com", "password"=>"password", "remember_me"=>"0"}, "commit"=>"Log in"} and HTTP headers {"HTTP_REFERER"=>"/users/sign_in"}
REQUESTING PAGE: GET http://www.example.com/users/testuser5/edit with {} and HTTP headers {"HTTP_REFERER"=>"/users/sign_in"}
REQUESTING PAGE: GET /users/sign_in with {} and HTTP headers {}
REQUESTING PAGE: POST /users/sign_in with {"utf8"=>"✓", "user"=>{"email"=>"email6@emuzikos.com", "password"=>"password", "remember_me"=>"0"}, "commit"=>"Log in"} and HTTP headers {"HTTP_REFERER"=>"/users/sign_in"}
REQUESTING PAGE: GET http://www.example.com/users/testuser6/edit with {} and HTTP headers {"HTTP_REFERER"=>"/users/sign_in"}
REQUESTING PAGE: GET /users/sign_in with {} and HTTP headers {}
REQUESTING PAGE: POST /users/sign_in with {"utf8"=>"✓", "user"=>{"email"=>"email7@emuzikos.com", "password"=>"password", "remember_me"=>"0"}, "commit"=>"Log in"} and HTTP headers {"HTTP_REFERER"=>"/users/sign_in"}
REQUESTING PAGE: GET http://www.example.com/users/testuser7/edit with {} and HTTP headers {"HTTP_REFERER"=>"/users/sign_in"}
REQUESTING PAGE: GET /users/sign_in with {} and HTTP headers {}
REQUESTING PAGE: POST /users/sign_in with {"utf8"=>"✓", "user"=>{"email"=>"email1@emuzikos.com", "password"=>"password", "remember_me"=>"0"}, "commit"=>"Log in"} and HTTP headers {"HTTP_REFERER"=>"/users/sign_in"}
REQUESTING PAGE: GET http://www.example.com/users/testuser1/edit with {} and HTTP headers {"HTTP_REFERER"=>"/users/sign_in"}
REQUESTING PAGE: GET /users/sign_in with {} and HTTP headers {}
REQUESTING PAGE: POST /users/sign_in with {"utf8"=>"✓", "user"=>{"email"=>"email2@emuzikos.com", "password"=>"password", "remember_me"=>"0"}, "commit"=>"Log in"} and HTTP headers {"HTTP_REFERER"=>"/users/sign_in"}
REQUESTING PAGE: GET http://www.example.com/users/testuser2/edit with {} and HTTP headers {"HTTP_REFERER"=>"/users/sign_in"}
REQUESTING PAGE: GET /users/sign_in with {} and HTTP headers {}
REQUESTING PAGE: POST /users/sign_in with {"utf8"=>"✓", "user"=>{"email"=>"email3@emuzikos.com", "password"=>"password", "remember_me"=>"0"}, "commit"=>"Log in"} and HTTP headers {"HTTP_REFERER"=>"/users/sign_in"}
REQUESTING PAGE: GET http://www.example.com/users/testuser3/edit with {} and HTTP headers {"HTTP_REFERER"=>"/users/sign_in"}
REQUESTING PAGE: GET /users/sign_in with {} and HTTP headers {}
REQUESTING PAGE: POST /users/sign_in with {"utf8"=>"✓", "user"=>{"email"=>"email4@emuzikos.com", "password"=>"password", "remember_me"=>"0"}, "commit"=>"Log in"} and HTTP headers {"HTTP_REFERER"=>"/users/sign_in"}
REQUESTING PAGE: GET http://www.example.com/users/testuser4/edit with {} and HTTP headers {"HTTP_REFERER"=>"/users/sign_in"}
REQUESTING PAGE: GET /users/sign_in with {} and HTTP headers {}
REQUESTING PAGE: POST /users/sign_in with {"utf8"=>"✓", "user"=>{"email"=>"email5@emuzikos.com", "password"=>"password", "remember_me"=>"0"}, "commit"=>"Log in"} and HTTP headers {"HTTP_REFERER"=>"/users/sign_in"}
REQUESTING PAGE: GET http://www.example.com/users/testuser5/edit with {} and HTTP headers {"HTTP_REFERER"=>"/users/sign_in"}
REQUESTING PAGE: GET /users/sign_in with {} and HTTP headers {}
REQUESTING PAGE: POST /users/sign_in with {"utf8"=>"✓", "user"=>{"email"=>"email6@emuzikos.com", "password"=>"password", "remember_me"=>"0"}, "commit"=>"Log in"} and HTTP headers {"HTTP_REFERER"=>"/users/sign_in"}
REQUESTING PAGE: GET http://www.example.com/users/testuser6/edit with {} and HTTP headers {"HTTP_REFERER"=>"/users/sign_in"}
REQUESTING PAGE: GET /users/sign_in with {} and HTTP headers {}
REQUESTING PAGE: POST /users/sign_in with {"utf8"=>"✓", "user"=>{"email"=>"email7@emuzikos.com", "password"=>"password", "remember_me"=>"0"}, "commit"=>"Log in"} and HTTP headers {"HTTP_REFERER"=>"/users/sign_in"}
REQUESTING PAGE: GET http://www.example.com/users/testuser7/edit with {} and HTTP headers {"HTTP_REFERER"=>"/users/sign_in"}
REQUESTING PAGE: GET /users/sign_in with {} and HTTP headers {}
REQUESTING PAGE: POST /users/sign_in with {"utf8"=>"✓", "user"=>{"email"=>"email1@emuzikos.com", "password"=>"password", "remember_me"=>"0"}, "commit"=>"Log in"} and HTTP headers {"HTTP_REFERER"=>"/users/sign_in"}
REQUESTING PAGE: GET http://www.example.com/users/testuser1/edit with {} and HTTP headers {"HTTP_REFERER"=>"/users/sign_in"}
REQUESTING PAGE: GET /users/sign_in with {} and HTTP headers {}
REQUESTING PAGE: POST /users/sign_in with {"utf8"=>"✓", "user"=>{"email"=>"email2@emuzikos.com", "password"=>"password", "remember_me"=>"0"}, "commit"=>"Log in"} and HTTP headers {"HTTP_REFERER"=>"/users/sign_in"}
REQUESTING PAGE: GET http://www.example.com/users/testuser2/edit with {} and HTTP headers {"HTTP_REFERER"=>"/users/sign_in"}
REQUESTING PAGE: GET /users/sign_in with {} and HTTP headers {}
REQUESTING PAGE: GET /users/sign_in with {} and HTTP headers {}
REQUESTING PAGE: GET /users/sign_in with {} and HTTP headers {}
REQUESTING PAGE: GET /users/sign_in with {} and HTTP headers {}
REQUESTING PAGE: GET /users/sign_in with {} and HTTP headers {}
REQUESTING PAGE: GET /users/sign_in with {} and HTTP headers {}
REQUESTING PAGE: GET /users/sign_in with {} and HTTP headers {}
REQUESTING PAGE: GET /users/sign_in with {} and HTTP headers {}
REQUESTING PAGE: GET /users/sign_in with {} and HTTP headers {}
REQUESTING PAGE: GET /users/sign_in with {} and HTTP headers {}
REQUESTING PAGE: GET /users/sign_in with {} and HTTP headers {}
REQUESTING PAGE: GET /users/sign_in with {} and HTTP headers {}
REQUESTING PAGE: GET /users/sign_in with {} and HTTP headers {}
REQUESTING PAGE: GET /users/sign_in with {} and HTTP headers {}
REQUESTING PAGE: GET /users/sign_in with {} and HTTP headers {}
REQUESTING PAGE: GET /users/sign_in with {} and HTTP headers {}
REQUESTING PAGE: GET /users/sign_in with {} and HTTP headers {}
REQUESTING PAGE: GET /users/sign_in with {} and HTTP headers {}
REQUESTING PAGE: GET /users/sign_in with {} and HTTP headers {}
REQUESTING PAGE: GET /users/sign_in with {} and HTTP headers {}
REQUESTING PAGE: GET /users/sign_in with {} and HTTP headers {}
REQUESTING PAGE: GET /users/sign_in with {} and HTTP headers {}
REQUESTING PAGE: GET /users/sign_in with {} and HTTP headers {}
REQUESTING PAGE: GET /users/sign_in with {} and HTTP headers {}
REQUESTING PAGE: GET /users/sign_in with {} and HTTP headers {}
REQUESTING PAGE: GET /users/sign_in with {} and HTTP headers {}
REQUESTING PAGE: GET /users/sign_in with {} and HTTP headers {}
REQUESTING PAGE: POST /users/sign_in with {"utf8"=>"✓", "user"=>{"email"=>"email1@emuzikos.com", "password"=>"password", "remember_me"=>"0"}, "commit"=>"Log in"} and HTTP headers {"HTTP_REFERER"=>"/users/sign_in"}
REQUESTING PAGE: GET http://www.example.com/users/testuser1/edit with {} and HTTP headers {"HTTP_REFERER"=>"/users/sign_in"}
REQUESTING PAGE: GET /users/sign_in with {} and HTTP headers {}
REQUESTING PAGE: POST /users/sign_in with {"utf8"=>"✓", "user"=>{"email"=>"email2@emuzikos.com", "password"=>"password", "remember_me"=>"0"}, "commit"=>"Log in"} and HTTP headers {"HTTP_REFERER"=>"/users/sign_in"}
REQUESTING PAGE: GET http://www.example.com/users/testuser2/edit with {} and HTTP headers {"HTTP_REFERER"=>"/users/sign_in"}
REQUESTING PAGE: GET /users/sign_in with {} and HTTP headers {}
REQUESTING PAGE: POST /users/sign_in with {"utf8"=>"✓", "user"=>{"email"=>"email3@emuzikos.com", "password"=>"password", "remember_me"=>"0"}, "commit"=>"Log in"} and HTTP headers {"HTTP_REFERER"=>"/users/sign_in"}
REQUESTING PAGE: GET http://www.example.com/users/testuser3/edit with {} and HTTP headers {"HTTP_REFERER"=>"/users/sign_in"}
REQUESTING PAGE: GET /users/sign_in with {} and HTTP headers {}
REQUESTING PAGE: POST /users/sign_in with {"utf8"=>"✓", "user"=>{"email"=>"email4@emuzikos.com", "password"=>"password", "remember_me"=>"0"}, "commit"=>"Log in"} and HTTP headers {"HTTP_REFERER"=>"/users/sign_in"}
REQUESTING PAGE: GET http://www.example.com/users/testuser4/edit with {} and HTTP headers {"HTTP_REFERER"=>"/users/sign_in"}
REQUESTING PAGE: GET /users/sign_in with {} and HTTP headers {}
REQUESTING PAGE: POST /users/sign_in with {"utf8"=>"✓", "user"=>{"email"=>"email5@emuzikos.com", "password"=>"password", "remember_me"=>"0"}, "commit"=>"Log in"} and HTTP headers {"HTTP_REFERER"=>"/users/sign_in"}
REQUESTING PAGE: GET http://www.example.com/users/testuser5/edit with {} and HTTP headers {"HTTP_REFERER"=>"/users/sign_in"}
REQUESTING PAGE: GET /users/sign_in with {} and HTTP headers {}
REQUESTING PAGE: POST /users/sign_in with {"utf8"=>"✓", "user"=>{"email"=>"email6@emuzikos.com", "password"=>"password", "remember_me"=>"0"}, "commit"=>"Log in"} and HTTP headers {"HTTP_REFERER"=>"/users/sign_in"}
REQUESTING PAGE: GET http://www.example.com/users/testuser6/edit with {} and HTTP headers {"HTTP_REFERER"=>"/users/sign_in"}
REQUESTING PAGE: GET /users/sign_in with {} and HTTP headers {}
REQUESTING PAGE: POST /users/sign_in with {"utf8"=>"✓", "user"=>{"email"=>"email7@emuzikos.com", "password"=>"password", "remember_me"=>"0"}, "commit"=>"Log in"} and HTTP headers {"HTTP_REFERER"=>"/users/sign_in"}
REQUESTING PAGE: GET http://www.example.com/users/testuser7/edit with {} and HTTP headers {"HTTP_REFERER"=>"/users/sign_in"}
REQUESTING PAGE: GET /users/sign_in with {} and HTTP headers {}
REQUESTING PAGE: POST /users/sign_in with {"utf8"=>"✓", "user"=>{"email"=>"email1@emuzikos.com", "password"=>"password", "remember_me"=>"0"}, "commit"=>"Log in"} and HTTP headers {"HTTP_REFERER"=>"/users/sign_in"}
REQUESTING PAGE: GET http://www.example.com/users/testuser1/edit with {} and HTTP headers {"HTTP_REFERER"=>"/users/sign_in"}
REQUESTING PAGE: GET /users/sign_in with {} and HTTP headers {}
REQUESTING PAGE: POST /users/sign_in with {"utf8"=>"✓", "user"=>{"email"=>"email1@emuzikos.com", "password"=>"password", "remember_me"=>"0"}, "commit"=>"Log in"} and HTTP headers {"HTTP_REFERER"=>"/users/sign_in"}
REQUESTING PAGE: GET http://www.example.com/users/testuser1/edit with {} and HTTP headers {"HTTP_REFERER"=>"/users/sign_in"}
REQUESTING PAGE: GET /users/sign_in with {} and HTTP headers {}
REQUESTING PAGE: POST /users/sign_in with {"utf8"=>"✓", "user"=>{"email"=>"email1@emuzikos.com", "password"=>"password", "remember_me"=>"0"}, "commit"=>"Log in"} and HTTP headers {"HTTP_REFERER"=>"/users/sign_in"}
REQUESTING PAGE: GET http://www.example.com/users/testuser1/edit with {} and HTTP headers {"HTTP_REFERER"=>"/users/sign_in"}
REQUESTING PAGE: GET /users/sign_in with {} and HTTP headers {}
REQUESTING PAGE: POST /users/sign_in with {"utf8"=>"✓", "user"=>{"email"=>"email1@emuzikos.com", "password"=>"password", "remember_me"=>"0"}, "commit"=>"Log in"} and HTTP headers {"HTTP_REFERER"=>"/users/sign_in"}
REQUESTING PAGE: GET http://www.example.com/users/testuser1/edit with {} and HTTP headers {"HTTP_REFERER"=>"/users/sign_in"}
REQUESTING PAGE: GET /users/sign_in with {} and HTTP headers {}
REQUESTING PAGE: POST /users/sign_in with {"utf8"=>"✓", "user"=>{"email"=>"email1@emuzikos.com", "password"=>"password", "remember_me"=>"0"}, "commit"=>"Log in"} and HTTP headers {"HTTP_REFERER"=>"/users/sign_in"}
REQUESTING PAGE: GET http://www.example.com/users/testuser1/edit with {} and HTTP headers {"HTTP_REFERER"=>"/users/sign_in"}
REQUESTING PAGE: GET /users/testuser1/edit with {} and HTTP headers {"HTTP_REFERER"=>"http://www.example.com/users/testuser1/edit"}
REQUESTING PAGE: GET /users/sign_in with {} and HTTP headers {}
REQUESTING PAGE: POST /users/sign_in with {"utf8"=>"✓", "user"=>{"email"=>"email1@emuzikos.com", "password"=>"password", "remember_me"=>"0"}, "commit"=>"Log in"} and HTTP headers {"HTTP_REFERER"=>"/users/sign_in"}
REQUESTING PAGE: GET http://www.example.com/users/testuser1/edit with {} and HTTP headers {"HTTP_REFERER"=>"/users/sign_in"}
REQUESTING PAGE: GET /users/testuser1/edit with {} and HTTP headers {"HTTP_REFERER"=>"http://www.example.com/users/testuser1/edit"}
REQUESTING PAGE: GET /users/sign_in with {} and HTTP headers {}
REQUESTING PAGE: POST /users/sign_in with {"utf8"=>"✓", "user"=>{"email"=>"email1@emuzikos.com", "password"=>"password", "remember_me"=>"0"}, "commit"=>"Log in"} and HTTP headers {"HTTP_REFERER"=>"/users/sign_in"}
REQUESTING PAGE: GET http://www.example.com/users/testuser1/edit with {} and HTTP headers {"HTTP_REFERER"=>"/users/sign_in"}
REQUESTING PAGE: GET /users/testuser1/edit with {} and HTTP headers {"HTTP_REFERER"=>"http://www.example.com/users/testuser1/edit"}
REQUESTING PAGE: GET /users/sign_in with {} and HTTP headers {}
REQUESTING PAGE: POST /users/sign_in with {"utf8"=>"✓", "user"=>{"email"=>"email2@emuzikos.com", "password"=>"password", "remember_me"=>"0"}, "commit"=>"Log in"} and HTTP headers {"HTTP_REFERER"=>"/users/sign_in"}
REQUESTING PAGE: GET http://www.example.com/users/testuser2/edit with {} and HTTP headers {"HTTP_REFERER"=>"/users/sign_in"}
REQUESTING PAGE: GET /users/sign_in with {} and HTTP headers {}
REQUESTING PAGE: POST /users/sign_in with {"utf8"=>"✓", "user"=>{"email"=>"email3@emuzikos.com", "password"=>"password", "remember_me"=>"0"}, "commit"=>"Log in"} and HTTP headers {"HTTP_REFERER"=>"/users/sign_in"}
REQUESTING PAGE: GET http://www.example.com/users/testuser3/edit with {} and HTTP headers {"HTTP_REFERER"=>"/users/sign_in"}
REQUESTING PAGE: GET /users/sign_in with {} and HTTP headers {}
REQUESTING PAGE: POST /users/sign_in with {"utf8"=>"✓", "user"=>{"email"=>"email4@emuzikos.com", "password"=>"password", "remember_me"=>"0"}, "commit"=>"Log in"} and HTTP headers {"HTTP_REFERER"=>"/users/sign_in"}
REQUESTING PAGE: GET http://www.example.com/users/testuser4/edit with {} and HTTP headers {"HTTP_REFERER"=>"/users/sign_in"}
REQUESTING PAGE: GET /users/sign_in with {} and HTTP headers {}
REQUESTING PAGE: POST /users/sign_in with {"utf8"=>"✓", "user"=>{"email"=>"email5@emuzikos.com", "password"=>"password", "remember_me"=>"0"}, "commit"=>"Log in"} and HTTP headers {"HTTP_REFERER"=>"/users/sign_in"}
REQUESTING PAGE: GET http://www.example.com/users/testuser5/edit with {} and HTTP headers {"HTTP_REFERER"=>"/users/sign_in"}
REQUESTING PAGE: GET /users/sign_in with {} and HTTP headers {}
REQUESTING PAGE: POST /users/sign_in with {"utf8"=>"✓", "user"=>{"email"=>"email6@emuzikos.com", "password"=>"password", "remember_me"=>"0"}, "commit"=>"Log in"} and HTTP headers {"HTTP_REFERER"=>"/users/sign_in"}
REQUESTING PAGE: GET http://www.example.com/users/testuser6/edit with {} and HTTP headers {"HTTP_REFERER"=>"/users/sign_in"}
REQUESTING PAGE: GET /users/sign_in with {} and HTTP headers {}
REQUESTING PAGE: POST /users/sign_in with {"utf8"=>"✓", "user"=>{"email"=>"email7@emuzikos.com", "password"=>"password", "remember_me"=>"0"}, "commit"=>"Log in"} and HTTP headers {"HTTP_REFERER"=>"/users/sign_in"}
REQUESTING PAGE: GET http://www.example.com/users/testuser7/edit with {} and HTTP headers {"HTTP_REFERER"=>"/users/sign_in"}
REQUESTING PAGE: GET /users/sign_in with {} and HTTP headers {}
REQUESTING PAGE: POST /users/sign_in with {"utf8"=>"✓", "user"=>{"email"=>"email1@emuzikos.com", "password"=>"password", "remember_me"=>"0"}, "commit"=>"Log in"} and HTTP headers {"HTTP_REFERER"=>"/users/sign_in"}
REQUESTING PAGE: GET http://www.example.com/users/testuser1/edit with {} and HTTP headers {"HTTP_REFERER"=>"/users/sign_in"}
REQUESTING PAGE: GET /users/testuser1/edit with {} and HTTP headers {"HTTP_REFERER"=>"http://www.example.com/users/testuser1/edit"}
